<?xml version="1.0" encoding="UTF-8"?>
<!-- Generated by org.testng.reporters.JUnitXMLReporter -->
<testsuite hostname="tmc-PC" name="Test" tests="6" failures="0" timestamp="16 Jun 2017 09:52:41 GMT" time="22.248" errors="0">
  <testcase name="@BeforeMethod bmethod" time="0.0" classname="com.testCases.Test456">
    <failure type="java.lang.NullPointerException">
      <![CDATA[java.lang.NullPointerException
	at com.testCases.Test456.bmethod(Test456.java:15)
... Removed 27 stack frames]]>
    </failure>
  </testcase> <!-- @BeforeMethod bmethod -->
  <testcase name="@BeforeMethod bmethod" time="0.0" classname="com.testCases.Test456">
    <skipped/>
  </testcase> <!-- @BeforeMethod bmethod -->
  <testcase name="@BeforeMethod bmethod" time="0.0" classname="com.testCases.Test456">
    <skipped/>
  </testcase> <!-- @BeforeMethod bmethod -->
  <testcase name="testcase123" time="10.83" classname="com.testCases.Test123"/>
  <testcase name="testcase123" time="5.536" classname="com.testCases.Test123"/>
  <testcase name="testcase123" time="5.517" classname="com.testCases.Test123"/>
  <testcase name="testcase123" time="0.002" classname="com.testCases.Test456">
    <skipped/>
  </testcase> <!-- testcase123 -->
  <testcase name="testcase123" time="0.004" classname="com.testCases.Test456">
    <skipped/>
  </testcase> <!-- testcase123 -->
  <testcase name="testcase123" time="0.002" classname="com.testCases.Test456">
    <skipped/>
  </testcase> <!-- testcase123 -->
</testsuite> <!-- Test -->
