<?xml version="1.0" encoding="UTF-8"?>
<testng-results skipped="0" failed="0" total="1" passed="1">
  <reporter-output>
  </reporter-output>
  <suite name="Default suite" duration-ms="13261" started-at="2017-06-16T11:00:55Z" finished-at="2017-06-16T11:01:08Z">
    <groups>
    </groups>
    <test name="Default test" duration-ms="13261" started-at="2017-06-16T11:00:55Z" finished-at="2017-06-16T11:01:08Z">
      <class name="com.testCases.Test1">
        <test-method status="PASS" signature="testcase1()[pri:0, instance:com.testCases.Test1@19e13df]" name="testcase1" duration-ms="13228" started-at="2017-06-16T16:30:55Z" finished-at="2017-06-16T16:31:08Z">
          <reporter-output>
          </reporter-output>
        </test-method> <!-- testcase1 -->
      </class> <!-- com.testCases.Test1 -->
    </test> <!-- Default test -->
  </suite> <!-- Default suite -->
</testng-results>
