<?xml version="1.0" encoding="UTF-8"?>
<testng-results skipped="0" failed="0" total="1" passed="1">
  <reporter-output>
  </reporter-output>
  <suite name="Default suite" duration-ms="25436" started-at="2017-06-16T11:39:14Z" finished-at="2017-06-16T11:39:40Z">
    <groups>
    </groups>
    <test name="Default test" duration-ms="25436" started-at="2017-06-16T11:39:14Z" finished-at="2017-06-16T11:39:40Z">
      <class name="com.basicsOfSelenium.MouseoverExample">
        <test-method status="PASS" signature="workwithAlert()[pri:0, instance:com.basicsOfSelenium.MouseoverExample@1832929]" name="workwithAlert" duration-ms="25402" started-at="2017-06-16T17:09:14Z" finished-at="2017-06-16T17:09:40Z">
          <reporter-output>
          </reporter-output>
        </test-method> <!-- workwithAlert -->
      </class> <!-- com.basicsOfSelenium.MouseoverExample -->
    </test> <!-- Default test -->
  </suite> <!-- Default suite -->
</testng-results>
