<?xml version="1.0" encoding="UTF-8"?>
<!-- Generated by org.testng.reporters.JUnitXMLReporter -->
<testsuite hostname="tmc-PC" ignored="0" name="Command line test" tests="4" failures="0" timestamp="16 Jun 2017 12:10:59 GMT" time="0.04" errors="0">
  <testcase name="testcase1" time="0.011" classname="com.testcase.Test1"/>
  <testcase name="testcase2" time="0.001" classname="com.testcase.Test1"/>
  <testcase name="testcase3" time="0.0" classname="com.testcase.Test2"/>
  <testcase name="testcase4" time="0.0" classname="com.testcase.Test2"/>
</testsuite> <!-- Command line test -->
