<?xml version="1.0" encoding="UTF-8"?>
<testng-results skipped="3" failed="0" total="6" passed="3">
  <reporter-output>
  </reporter-output>
  <suite name="Suite" duration-ms="22248" started-at="2017-06-16T09:52:19Z" finished-at="2017-06-16T09:52:41Z">
    <groups>
    </groups>
    <test name="Test" duration-ms="22248" started-at="2017-06-16T09:52:19Z" finished-at="2017-06-16T09:52:41Z">
      <class name="com.testCases.Test456">
        <test-method status="FAIL" signature="bmethod()[pri:0, instance:com.testCases.Test456@3a8624]" name="bmethod" is-config="true" duration-ms="0" started-at="2017-06-16T15:22:41Z" finished-at="2017-06-16T15:22:41Z">
          <exception class="java.lang.NullPointerException">
            <full-stacktrace>
              <![CDATA[java.lang.NullPointerException
	at com.testCases.Test456.bmethod(Test456.java:15)
	at sun.reflect.NativeMethodAccessorImpl.invoke0(Native Method)
	at sun.reflect.NativeMethodAccessorImpl.invoke(NativeMethodAccessorImpl.java:62)
	at sun.reflect.DelegatingMethodAccessorImpl.invoke(DelegatingMethodAccessorImpl.java:43)
	at java.lang.reflect.Method.invoke(Method.java:498)
	at org.testng.internal.MethodInvocationHelper.invokeMethod(MethodInvocationHelper.java:100)
	at org.testng.internal.Invoker.invokeConfigurationMethod(Invoker.java:515)
	at org.testng.internal.Invoker.invokeConfigurations(Invoker.java:216)
	at org.testng.internal.Invoker.invokeMethod(Invoker.java:590)
	at org.testng.internal.Invoker.invokeTestMethod(Invoker.java:811)
	at org.testng.internal.Invoker.invokeTestMethods(Invoker.java:1137)
	at org.testng.internal.TestMethodWorker.invokeTestMethods(TestMethodWorker.java:129)
	at org.testng.internal.TestMethodWorker.run(TestMethodWorker.java:112)
	at org.testng.TestRunner.privateRun(TestRunner.java:753)
	at org.testng.TestRunner.run(TestRunner.java:607)
	at org.testng.SuiteRunner.runTest(SuiteRunner.java:368)
	at org.testng.SuiteRunner.runSequentially(SuiteRunner.java:363)
	at org.testng.SuiteRunner.privateRun(SuiteRunner.java:321)
	at org.testng.SuiteRunner.run(SuiteRunner.java:270)
	at org.testng.SuiteRunnerWorker.runSuite(SuiteRunnerWorker.java:52)
	at org.testng.SuiteRunnerWorker.run(SuiteRunnerWorker.java:86)
	at org.testng.TestNG.runSuitesSequentially(TestNG.java:1284)
	at org.testng.TestNG.runSuitesLocally(TestNG.java:1209)
	at org.testng.TestNG.runSuites(TestNG.java:1124)
	at org.testng.TestNG.run(TestNG.java:1096)
	at org.testng.remote.AbstractRemoteTestNG.run(AbstractRemoteTestNG.java:132)
	at org.testng.remote.RemoteTestNG.initAndRun(RemoteTestNG.java:236)
	at org.testng.remote.RemoteTestNG.main(RemoteTestNG.java:81)
]]>
            </full-stacktrace>
          </exception> <!-- java.lang.NullPointerException -->
          <reporter-output>
          </reporter-output>
        </test-method> <!-- bmethod -->
        <test-method status="SKIP" signature="testcase123(java.lang.String, java.lang.String, java.lang.String, java.lang.String)[pri:0, instance:com.testCases.Test456@3a8624]" name="testcase123" duration-ms="2" started-at="2017-06-16T15:22:41Z" data-provider="T1" finished-at="2017-06-16T15:22:41Z">
          <params>
            <param index="0">
              <value>
                <![CDATA[CustomerA]]>
              </value>
            </param>
            <param index="1">
              <value>
                <![CDATA[ProjectA]]>
              </value>
            </param>
            <param index="2">
              <value>
                <![CDATA[DescriptionA]]>
              </value>
            </param>
            <param index="3">
              <value>
                <![CDATA[pradio1]]>
              </value>
            </param>
          </params>
          <reporter-output>
          </reporter-output>
        </test-method> <!-- testcase123 -->
        <test-method status="SKIP" signature="bmethod()[pri:0, instance:com.testCases.Test456@3a8624]" name="bmethod" is-config="true" duration-ms="0" started-at="2017-06-16T15:22:41Z" finished-at="2017-06-16T15:22:41Z">
          <reporter-output>
          </reporter-output>
        </test-method> <!-- bmethod -->
        <test-method status="SKIP" signature="testcase123(java.lang.String, java.lang.String, java.lang.String, java.lang.String)[pri:0, instance:com.testCases.Test456@3a8624]" name="testcase123" duration-ms="4" started-at="2017-06-16T15:22:41Z" data-provider="T1" finished-at="2017-06-16T15:22:41Z">
          <params>
            <param index="0">
              <value>
                <![CDATA[CustomerA]]>
              </value>
            </param>
            <param index="1">
              <value>
                <![CDATA[ProjectB]]>
              </value>
            </param>
            <param index="2">
              <value>
                <![CDATA[DescriptionB]]>
              </value>
            </param>
            <param index="3">
              <value>
                <![CDATA[pradio2]]>
              </value>
            </param>
          </params>
          <reporter-output>
          </reporter-output>
        </test-method> <!-- testcase123 -->
        <test-method status="SKIP" signature="bmethod()[pri:0, instance:com.testCases.Test456@3a8624]" name="bmethod" is-config="true" duration-ms="0" started-at="2017-06-16T15:22:41Z" finished-at="2017-06-16T15:22:41Z">
          <reporter-output>
          </reporter-output>
        </test-method> <!-- bmethod -->
        <test-method status="SKIP" signature="testcase123(java.lang.String, java.lang.String, java.lang.String, java.lang.String)[pri:0, instance:com.testCases.Test456@3a8624]" name="testcase123" duration-ms="2" started-at="2017-06-16T15:22:41Z" data-provider="T1" finished-at="2017-06-16T15:22:41Z">
          <params>
            <param index="0">
              <value>
                <![CDATA[CustomerA]]>
              </value>
            </param>
            <param index="1">
              <value>
                <![CDATA[ProjectC]]>
              </value>
            </param>
            <param index="2">
              <value>
                <![CDATA[DescriptionC]]>
              </value>
            </param>
            <param index="3">
              <value>
                <![CDATA[pradio3]]>
              </value>
            </param>
          </params>
          <reporter-output>
          </reporter-output>
        </test-method> <!-- testcase123 -->
      </class> <!-- com.testCases.Test456 -->
      <class name="com.testCases.OpenAndCloseBrowser">
        <test-method status="PASS" signature="bsuite()[pri:0, instance:com.testCases.OpenAndCloseBrowser@1fdc050]" name="bsuite" is-config="true" duration-ms="21040" started-at="2017-06-16T15:21:58Z" finished-at="2017-06-16T15:22:19Z">
          <reporter-output>
          </reporter-output>
        </test-method> <!-- bsuite -->
        <test-method status="PASS" signature="asuite()[pri:0, instance:com.testCases.OpenAndCloseBrowser@1fdc050]" name="asuite" is-config="true" duration-ms="1775" started-at="2017-06-16T15:22:41Z" finished-at="2017-06-16T15:22:43Z">
          <reporter-output>
          </reporter-output>
        </test-method> <!-- asuite -->
      </class> <!-- com.testCases.OpenAndCloseBrowser -->
      <class name="com.testCases.Test123">
        <test-method status="PASS" signature="bmethod()[pri:0, instance:com.testCases.Test123@1ce4f0a]" name="bmethod" is-config="true" duration-ms="1" started-at="2017-06-16T15:22:19Z" finished-at="2017-06-16T15:22:19Z">
          <reporter-output>
          </reporter-output>
        </test-method> <!-- bmethod -->
        <test-method status="PASS" signature="testcase123(java.lang.String, java.lang.String, java.lang.String)[pri:0, instance:com.testCases.Test123@1ce4f0a]" name="testcase123" duration-ms="10830" started-at="2017-06-16T15:22:19Z" data-provider="T1" finished-at="2017-06-16T15:22:30Z">
          <params>
            <param index="0">
              <value>
                <![CDATA[CustomerA]]>
              </value>
            </param>
            <param index="1">
              <value>
                <![CDATA[DescriptionA]]>
              </value>
            </param>
            <param index="2">
              <value>
                <![CDATA[cradio1]]>
              </value>
            </param>
          </params>
          <reporter-output>
          </reporter-output>
        </test-method> <!-- testcase123 -->
        <test-method status="PASS" signature="bmethod()[pri:0, instance:com.testCases.Test123@1ce4f0a]" name="bmethod" is-config="true" duration-ms="1" started-at="2017-06-16T15:22:30Z" finished-at="2017-06-16T15:22:30Z">
          <reporter-output>
          </reporter-output>
        </test-method> <!-- bmethod -->
        <test-method status="PASS" signature="testcase123(java.lang.String, java.lang.String, java.lang.String)[pri:0, instance:com.testCases.Test123@1ce4f0a]" name="testcase123" duration-ms="5536" started-at="2017-06-16T15:22:30Z" data-provider="T1" finished-at="2017-06-16T15:22:36Z">
          <params>
            <param index="0">
              <value>
                <![CDATA[CustomerB]]>
              </value>
            </param>
            <param index="1">
              <value>
                <![CDATA[DescriptionB]]>
              </value>
            </param>
            <param index="2">
              <value>
                <![CDATA[cradio2]]>
              </value>
            </param>
          </params>
          <reporter-output>
          </reporter-output>
        </test-method> <!-- testcase123 -->
        <test-method status="PASS" signature="bmethod()[pri:0, instance:com.testCases.Test123@1ce4f0a]" name="bmethod" is-config="true" duration-ms="0" started-at="2017-06-16T15:22:36Z" finished-at="2017-06-16T15:22:36Z">
          <reporter-output>
          </reporter-output>
        </test-method> <!-- bmethod -->
        <test-method status="PASS" signature="testcase123(java.lang.String, java.lang.String, java.lang.String)[pri:0, instance:com.testCases.Test123@1ce4f0a]" name="testcase123" duration-ms="5517" started-at="2017-06-16T15:22:36Z" data-provider="T1" finished-at="2017-06-16T15:22:41Z">
          <params>
            <param index="0">
              <value>
                <![CDATA[CustomerC]]>
              </value>
            </param>
            <param index="1">
              <value>
                <![CDATA[DescriptionC]]>
              </value>
            </param>
            <param index="2">
              <value>
                <![CDATA[cradio3]]>
              </value>
            </param>
          </params>
          <reporter-output>
          </reporter-output>
        </test-method> <!-- testcase123 -->
      </class> <!-- com.testCases.Test123 -->
    </test> <!-- Test -->
  </suite> <!-- Suite -->
</testng-results>
