<?xml version="1.0" encoding="UTF-8"?>
<testng-results skipped="0" failed="0" total="3" passed="3">
  <reporter-output>
  </reporter-output>
  <suite name="Suite" duration-ms="12513" started-at="2017-06-15T09:55:26Z" finished-at="2017-06-15T09:55:38Z">
    <groups>
    </groups>
    <test name="Test" duration-ms="12513" started-at="2017-06-15T09:55:26Z" finished-at="2017-06-15T09:55:38Z">
      <class name="com.testCases.Test3">
        <test-method status="PASS" signature="testcase3()[pri:0, instance:com.testCases.Test3@39f790]" name="testcase3" duration-ms="3654" started-at="2017-06-15T15:25:35Z" finished-at="2017-06-15T15:25:38Z">
          <reporter-output>
          </reporter-output>
        </test-method> <!-- testcase3 -->
      </class> <!-- com.testCases.Test3 -->
      <class name="com.testCases.Test2">
        <test-method status="PASS" signature="testcase2()[pri:0, instance:com.testCases.Test2@1e7a66b]" name="testcase2" duration-ms="3902" started-at="2017-06-15T15:25:31Z" finished-at="2017-06-15T15:25:35Z">
          <reporter-output>
          </reporter-output>
        </test-method> <!-- testcase2 -->
      </class> <!-- com.testCases.Test2 -->
      <class name="com.testCases.OpenAndCloseBrowser">
        <test-method status="PASS" signature="bsuite()[pri:0, instance:com.testCases.OpenAndCloseBrowser@9f0666]" name="bsuite" is-config="true" duration-ms="5396" started-at="2017-06-15T15:25:20Z" finished-at="2017-06-15T15:25:26Z">
          <reporter-output>
          </reporter-output>
        </test-method> <!-- bsuite -->
        <test-method status="PASS" signature="asuite()[pri:0, instance:com.testCases.OpenAndCloseBrowser@9f0666]" name="asuite" is-config="true" duration-ms="967" started-at="2017-06-15T15:25:38Z" finished-at="2017-06-15T15:25:39Z">
          <reporter-output>
          </reporter-output>
        </test-method> <!-- asuite -->
      </class> <!-- com.testCases.OpenAndCloseBrowser -->
      <class name="com.testCases.Test1">
        <test-method status="PASS" signature="testcase1()[pri:0, instance:com.testCases.Test1@c1fdc4]" name="testcase1" duration-ms="4946" started-at="2017-06-15T15:25:26Z" finished-at="2017-06-15T15:25:31Z">
          <reporter-output>
          </reporter-output>
        </test-method> <!-- testcase1 -->
      </class> <!-- com.testCases.Test1 -->
    </test> <!-- Test -->
  </suite> <!-- Suite -->
</testng-results>
