<?xml version="1.0" encoding="UTF-8"?>
<testng-results skipped="0" failed="0" ignored="0" total="4" passed="4">
  <reporter-output>
  </reporter-output>
  <suite name="Command line suite" duration-ms="40" started-at="2017-06-16T12:10:59Z" finished-at="2017-06-16T12:10:59Z">
    <groups>
    </groups>
    <test name="Command line test" duration-ms="40" started-at="2017-06-16T12:10:59Z" finished-at="2017-06-16T12:10:59Z">
      <class name="com.testcase.Test2">
        <test-method status="PASS" signature="testcase3()[pri:0, instance:com.testcase.Test2@fb434]" name="testcase3" duration-ms="0" started-at="2017-06-16T17:40:59Z" finished-at="2017-06-16T17:40:59Z">
          <reporter-output>
          </reporter-output>
        </test-method> <!-- testcase3 -->
        <test-method status="PASS" signature="testcase4()[pri:0, instance:com.testcase.Test2@fb434]" name="testcase4" duration-ms="0" started-at="2017-06-16T17:40:59Z" finished-at="2017-06-16T17:40:59Z">
          <reporter-output>
          </reporter-output>
        </test-method> <!-- testcase4 -->
      </class> <!-- com.testcase.Test2 -->
      <class name="com.testcase.Test1">
        <test-method status="PASS" signature="testcase1()[pri:0, instance:com.testcase.Test1@18c7aca]" name="testcase1" duration-ms="11" started-at="2017-06-16T17:40:59Z" finished-at="2017-06-16T17:40:59Z">
          <reporter-output>
          </reporter-output>
        </test-method> <!-- testcase1 -->
        <test-method status="PASS" signature="testcase2()[pri:0, instance:com.testcase.Test1@18c7aca]" name="testcase2" duration-ms="1" started-at="2017-06-16T17:40:59Z" finished-at="2017-06-16T17:40:59Z">
          <reporter-output>
          </reporter-output>
        </test-method> <!-- testcase2 -->
      </class> <!-- com.testcase.Test1 -->
    </test> <!-- Command line test -->
  </suite> <!-- Command line suite -->
</testng-results>
