<?xml version="1.0" encoding="UTF-8"?>
<!-- Generated by org.testng.reporters.JUnitXMLReporter -->
<testsuite hostname="tmc-PC" name="Default test" tests="3" failures="0" timestamp="13 Jun 2017 09:46:44 GMT" time="0.053" errors="0">
  <testcase name="testcase1" time="0.011" classname="com.annotations.Annot"/>
  <testcase name="testcase2" time="0.001" classname="com.annotations.Annot"/>
  <testcase name="testcase3" time="0.001" classname="com.annotations.Annot"/>
</testsuite> <!-- Default test -->
