<?xml version="1.0" encoding="UTF-8"?>
<!-- Generated by org.testng.reporters.JUnitXMLReporter -->
<testsuite hostname="tmc-PC" name="Test" tests="3" failures="0" timestamp="14 Jun 2017 06:20:39 GMT" time="47.957" errors="0">
  <testcase name="testcase1" time="17.037" classname="com.testCasesForActiTime.Test1"/>
  <testcase name="testcase2" time="16.083" classname="com.testCasesForActiTime.Test2"/>
  <testcase name="testcase3" time="14.821" classname="com.testCasesForActiTime.Test3"/>
</testsuite> <!-- Test -->
